The system is: Darwin - 19.0.0 - x86_64
Compiling the C compiler identification source file "CMakeCCompilerId.c" succeeded.
Compiler: /usr/bin/clang 
Build flags: 
Id flags:  

The output was:
0


Compilation of the C compiler identification source "CMakeCCompilerId.c" produced "a.out"

The C compiler identification is AppleClang, found in "/Users/whowell/GitHub_Repositories/Oh-God-Make-The-Puns-Stop-2/OhGodMakeThePunsStop_version_2/cmake-build-debug/CMakeFiles/3.15.3/CompilerIdC/a.out"

Compiling the CXX compiler identification source file "CMakeCXXCompilerId.cpp" succeeded.
Compiler: /usr/bin/clang++ 
Build flags: 
Id flags:  

The output was:
0


Compilation of the CXX compiler identification source "CMakeCXXCompilerId.cpp" produced "a.out"

The CXX compiler identification is AppleClang, found in "/Users/whowell/GitHub_Repositories/Oh-God-Make-The-Puns-Stop-2/OhGodMakeThePunsStop_version_2/cmake-build-debug/CMakeFiles/3.15.3/CompilerIdCXX/a.out"

Determining if the C compiler works passed with the following output:
Change Dir: /Users/whowell/GitHub_Repositories/Oh-God-Make-The-Puns-Stop-2/OhGodMakeThePunsStop_version_2/cmake-build-debug/CMakeFiles/CMakeTmp

Run Build Command(s):/usr/bin/make cmTC_c5999/fast && /Applications/Xcode.app/Contents/Developer/usr/bin/make -f CMakeFiles/cmTC_c5999.dir/build.make CMakeFiles/cmTC_c5999.dir/build
Building C object CMakeFiles/cmTC_c5999.dir/testCCompiler.c.o
/usr/bin/clang   -isysroot /Applications/Xcode.app/Contents/Developer/Platforms/MacOSX.platform/Developer/SDKs/MacOSX10.15.sdk   -o CMakeFiles/cmTC_c5999.dir/testCCompiler.c.o   -c /Users/whowell/GitHub_Repositories/Oh-God-Make-The-Puns-Stop-2/OhGodMakeThePunsStop_version_2/cmake-build-debug/CMakeFiles/CMakeTmp/testCCompiler.c
Linking C executable cmTC_c5999
"/Users/whowell/Library/Application Support/JetBrains/Toolbox/apps/CLion/ch-0/193.5662.56/CLion.app/Contents/bin/cmake/mac/bin/cmake" -E cmake_link_script CMakeFiles/cmTC_c5999.dir/link.txt --verbose=1
/usr/bin/clang   -isysroot /Applications/Xcode.app/Contents/Developer/Platforms/MacOSX.platform/Developer/SDKs/MacOSX10.15.sdk -Wl,-search_paths_first -Wl,-headerpad_max_install_names   CMakeFiles/cmTC_c5999.dir/testCCompiler.c.o  -o cmTC_c5999 



Detecting C compiler ABI info compiled with the following output:
Change Dir: /Users/whowell/GitHub_Repositories/Oh-God-Make-The-Puns-Stop-2/OhGodMakeThePunsStop_version_2/cmake-build-debug/CMakeFiles/CMakeTmp

Run Build Command(s):/usr/bin/make cmTC_47b21/fast && /Applications/Xcode.app/Contents/Developer/usr/bin/make -f CMakeFiles/cmTC_47b21.dir/build.make CMakeFiles/cmTC_47b21.dir/build
Building C object CMakeFiles/cmTC_47b21.dir/CMakeCCompilerABI.c.o
/usr/bin/clang   -isysroot /Applications/Xcode.app/Contents/Developer/Platforms/MacOSX.platform/Developer/SDKs/MacOSX10.15.sdk   -v -Wl,-v -o CMakeFiles/cmTC_47b21.dir/CMakeCCompilerABI.c.o   -c "/Users/whowell/Library/Application Support/JetBrains/Toolbox/apps/CLion/ch-0/193.5662.56/CLion.app/Contents/bin/cmake/mac/share/cmake-3.15/Modules/CMakeCCompilerABI.c"
Apple clang version 11.0.0 (clang-1100.0.33.16)
Target: x86_64-apple-darwin19.0.0
Thread model: posix
InstalledDir: /Applications/Xcode.app/Contents/Developer/Toolchains/XcodeDefault.xctoolchain/usr/bin
clang: warning: -Wl,-v: 'linker' input unused [-Wunused-command-line-argument]
 "/Applications/Xcode.app/Contents/Developer/Toolchains/XcodeDefault.xctoolchain/usr/bin/clang" -cc1 -triple x86_64-apple-macosx10.15.0 -Wdeprecated-objc-isa-usage -Werror=deprecated-objc-isa-usage -emit-obj -mrelax-all -disable-free -disable-llvm-verifier -discard-value-names -main-file-name CMakeCCompilerABI.c -mrelocation-model pic -pic-level 2 -mthread-model posix -mdisable-fp-elim -fno-strict-return -masm-verbose -munwind-tables -target-sdk-version=10.15 -target-cpu penryn -dwarf-column-info -debugger-tuning=lldb -ggnu-pubnames -target-linker-version 530 -v -coverage-notes-file /Users/whowell/GitHub_Repositories/Oh-God-Make-The-Puns-Stop-2/OhGodMakeThePunsStop_version_2/cmake-build-debug/CMakeFiles/CMakeTmp/CMakeFiles/cmTC_47b21.dir/CMakeCCompilerABI.c.gcno -resource-dir /Applications/Xcode.app/Contents/Developer/Toolchains/XcodeDefault.xctoolchain/usr/lib/clang/11.0.0 -isysroot /Applications/Xcode.app/Contents/Developer/Platforms/MacOSX.platform/Developer/SDKs/MacOSX10.15.sdk -Wno-framework-include-private-from-public -Wno-atimport-in-framework-header -Wno-extra-semi-stmt -Wno-quoted-include-in-framework-header -fdebug-compilation-dir /Users/whowell/GitHub_Repositories/Oh-God-Make-The-Puns-Stop-2/OhGodMakeThePunsStop_version_2/cmake-build-debug/CMakeFiles/CMakeTmp -ferror-limit 19 -fmessage-length 0 -stack-protector 1 -fstack-check -mdarwin-stkchk-strong-link -fblocks -fencode-extended-block-signature -fregister-global-dtors-with-atexit -fobjc-runtime=macosx-10.15.0 -fmax-type-align=16 -fdiagnostics-show-option -o CMakeFiles/cmTC_47b21.dir/CMakeCCompilerABI.c.o -x c /Users/whowell/Library/Application Support/JetBrains/Toolbox/apps/CLion/ch-0/193.5662.56/CLion.app/Contents/bin/cmake/mac/share/cmake-3.15/Modules/CMakeCCompilerABI.c
clang -cc1 version 11.0.0 (clang-1100.0.33.16) default target x86_64-apple-darwin19.0.0
ignoring nonexistent directory "/Applications/Xcode.app/Contents/Developer/Platforms/MacOSX.platform/Developer/SDKs/MacOSX10.15.sdk/usr/local/include"
ignoring nonexistent directory "/Applications/Xcode.app/Contents/Developer/Platforms/MacOSX.platform/Developer/SDKs/MacOSX10.15.sdk/Library/Frameworks"
#include "..." search starts here:
#include <...> search starts here:
 /Applications/Xcode.app/Contents/Developer/Toolchains/XcodeDefault.xctoolchain/usr/lib/clang/11.0.0/include
 /Applications/Xcode.app/Contents/Developer/Toolchains/XcodeDefault.xctoolchain/usr/include
 /Applications/Xcode.app/Contents/Developer/Platforms/MacOSX.platform/Developer/SDKs/MacOSX10.15.sdk/usr/include
 /Applications/Xcode.app/Contents/Developer/Platforms/MacOSX.platform/Developer/SDKs/MacOSX10.15.sdk/System/Library/Frameworks (framework directory)
End of search list.
Linking C executable cmTC_47b21
"/Users/whowell/Library/Application Support/JetBrains/Toolbox/apps/CLion/ch-0/193.5662.56/CLion.app/Contents/bin/cmake/mac/bin/cmake" -E cmake_link_script CMakeFiles/cmTC_47b21.dir/link.txt --verbose=1
/usr/bin/clang   -isysroot /Applications/Xcode.app/Contents/Developer/Platforms/MacOSX.platform/Developer/SDKs/MacOSX10.15.sdk -Wl,-search_paths_first -Wl,-headerpad_max_install_names  -v -Wl,-v CMakeFiles/cmTC_47b21.dir/CMakeCCompilerABI.c.o  -o cmTC_47b21 
Apple clang version 11.0.0 (clang-1100.0.33.16)
Target: x86_64-apple-darwin19.0.0
Thread model: posix
InstalledDir: /Applications/Xcode.app/Contents/Developer/Toolchains/XcodeDefault.xctoolchain/usr/bin
 "/Applications/Xcode.app/Contents/Developer/Toolchains/XcodeDefault.xctoolchain/usr/bin/ld" -demangle -lto_library /Applications/Xcode.app/Contents/Developer/Toolchains/XcodeDefault.xctoolchain/usr/lib/libLTO.dylib -dynamic -arch x86_64 -macosx_version_min 10.15.0 -syslibroot /Applications/Xcode.app/Contents/Developer/Platforms/MacOSX.platform/Developer/SDKs/MacOSX10.15.sdk -o cmTC_47b21 -search_paths_first -headerpad_max_install_names -v CMakeFiles/cmTC_47b21.dir/CMakeCCompilerABI.c.o -lSystem /Applications/Xcode.app/Contents/Developer/Toolchains/XcodeDefault.xctoolchain/usr/lib/clang/11.0.0/lib/darwin/libclang_rt.osx.a
@(#)PROGRAM:ld  PROJECT:ld64-530
BUILD 03:01:58 Nov 15 2019
configured to support archs: armv6 armv7 armv7s arm64 arm64e arm64_32 i386 x86_64 x86_64h armv6m armv7k armv7m armv7em
Library search paths:
	/Applications/Xcode.app/Contents/Developer/Platforms/MacOSX.platform/Developer/SDKs/MacOSX10.15.sdk/usr/lib
Framework search paths:
	/Applications/Xcode.app/Contents/Developer/Platforms/MacOSX.platform/Developer/SDKs/MacOSX10.15.sdk/System/Library/Frameworks/



Parsed C implicit include dir info from above output: rv=done
  found start of include info
  found start of implicit include info
    add: [/Applications/Xcode.app/Contents/Developer/Toolchains/XcodeDefault.xctoolchain/usr/lib/clang/11.0.0/include]
    add: [/Applications/Xcode.app/Contents/Developer/Toolchains/XcodeDefault.xctoolchain/usr/include]
    add: [/Applications/Xcode.app/Contents/Developer/Platforms/MacOSX.platform/Developer/SDKs/MacOSX10.15.sdk/usr/include]
  end of search list found
  collapse include dir [/Applications/Xcode.app/Contents/Developer/Toolchains/XcodeDefault.xctoolchain/usr/lib/clang/11.0.0/include] ==> [/Applications/Xcode.app/Contents/Developer/Toolchains/XcodeDefault.xctoolchain/usr/lib/clang/11.0.0/include]
  collapse include dir [/Applications/Xcode.app/Contents/Developer/Toolchains/XcodeDefault.xctoolchain/usr/include] ==> [/Applications/Xcode.app/Contents/Developer/Toolchains/XcodeDefault.xctoolchain/usr/include]
  collapse include dir [/Applications/Xcode.app/Contents/Developer/Platforms/MacOSX.platform/Developer/SDKs/MacOSX10.15.sdk/usr/include] ==> [/Applications/Xcode.app/Contents/Developer/Platforms/MacOSX.platform/Developer/SDKs/MacOSX10.15.sdk/usr/include]
  implicit include dirs: [/Applications/Xcode.app/Contents/Developer/Toolchains/XcodeDefault.xctoolchain/usr/lib/clang/11.0.0/include;/Applications/Xcode.app/Contents/Developer/Toolchains/XcodeDefault.xctoolchain/usr/include;/Applications/Xcode.app/Contents/Developer/Platforms/MacOSX.platform/Developer/SDKs/MacOSX10.15.sdk/usr/include]


Parsed C implicit link information from above output:
  link line regex: [^( *|.*[/\])(ld|CMAKE_LINK_STARTFILE-NOTFOUND|([^/\]+-)?ld|collect2)[^/\]*( |$)]
  ignore line: [Change Dir: /Users/whowell/GitHub_Repositories/Oh-God-Make-The-Puns-Stop-2/OhGodMakeThePunsStop_version_2/cmake-build-debug/CMakeFiles/CMakeTmp]
  ignore line: []
  ignore line: [Run Build Command(s):/usr/bin/make cmTC_47b21/fast && /Applications/Xcode.app/Contents/Developer/usr/bin/make -f CMakeFiles/cmTC_47b21.dir/build.make CMakeFiles/cmTC_47b21.dir/build]
  ignore line: [Building C object CMakeFiles/cmTC_47b21.dir/CMakeCCompilerABI.c.o]
  ignore line: [/usr/bin/clang   -isysroot /Applications/Xcode.app/Contents/Developer/Platforms/MacOSX.platform/Developer/SDKs/MacOSX10.15.sdk   -v -Wl,-v -o CMakeFiles/cmTC_47b21.dir/CMakeCCompilerABI.c.o   -c "/Users/whowell/Library/Application Support/JetBrains/Toolbox/apps/CLion/ch-0/193.5662.56/CLion.app/Contents/bin/cmake/mac/share/cmake-3.15/Modules/CMakeCCompilerABI.c"]
  ignore line: [Apple clang version 11.0.0 (clang-1100.0.33.16)]
  ignore line: [Target: x86_64-apple-darwin19.0.0]
  ignore line: [Thread model: posix]
  ignore line: [InstalledDir: /Applications/Xcode.app/Contents/Developer/Toolchains/XcodeDefault.xctoolchain/usr/bin]
  ignore line: [clang: warning: -Wl,-v: 'linker' input unused [-Wunused-command-line-argument]]
  ignore line: [ "/Applications/Xcode.app/Contents/Developer/Toolchains/XcodeDefault.xctoolchain/usr/bin/clang" -cc1 -triple x86_64-apple-macosx10.15.0 -Wdeprecated-objc-isa-usage -Werror=deprecated-objc-isa-usage -emit-obj -mrelax-all -disable-free -disable-llvm-verifier -discard-value-names -main-file-name CMakeCCompilerABI.c -mrelocation-model pic -pic-level 2 -mthread-model posix -mdisable-fp-elim -fno-strict-return -masm-verbose -munwind-tables -target-sdk-version=10.15 -target-cpu penryn -dwarf-column-info -debugger-tuning=lldb -ggnu-pubnames -target-linker-version 530 -v -coverage-notes-file /Users/whowell/GitHub_Repositories/Oh-God-Make-The-Puns-Stop-2/OhGodMakeThePunsStop_version_2/cmake-build-debug/CMakeFiles/CMakeTmp/CMakeFiles/cmTC_47b21.dir/CMakeCCompilerABI.c.gcno -resource-dir /Applications/Xcode.app/Contents/Developer/Toolchains/XcodeDefault.xctoolchain/usr/lib/clang/11.0.0 -isysroot /Applications/Xcode.app/Contents/Developer/Platforms/MacOSX.platform/Developer/SDKs/MacOSX10.15.sdk -Wno-framework-include-private-from-public -Wno-atimport-in-framework-header -Wno-extra-semi-stmt -Wno-quoted-include-in-framework-header -fdebug-compilation-dir /Users/whowell/GitHub_Repositories/Oh-God-Make-The-Puns-Stop-2/OhGodMakeThePunsStop_version_2/cmake-build-debug/CMakeFiles/CMakeTmp -ferror-limit 19 -fmessage-length 0 -stack-protector 1 -fstack-check -mdarwin-stkchk-strong-link -fblocks -fencode-extended-block-signature -fregister-global-dtors-with-atexit -fobjc-runtime=macosx-10.15.0 -fmax-type-align=16 -fdiagnostics-show-option -o CMakeFiles/cmTC_47b21.dir/CMakeCCompilerABI.c.o -x c /Users/whowell/Library/Application Support/JetBrains/Toolbox/apps/CLion/ch-0/193.5662.56/CLion.app/Contents/bin/cmake/mac/share/cmake-3.15/Modules/CMakeCCompilerABI.c]
  ignore line: [clang -cc1 version 11.0.0 (clang-1100.0.33.16) default target x86_64-apple-darwin19.0.0]
  ignore line: [ignoring nonexistent directory "/Applications/Xcode.app/Contents/Developer/Platforms/MacOSX.platform/Developer/SDKs/MacOSX10.15.sdk/usr/local/include"]
  ignore line: [ignoring nonexistent directory "/Applications/Xcode.app/Contents/Developer/Platforms/MacOSX.platform/Developer/SDKs/MacOSX10.15.sdk/Library/Frameworks"]
  ignore line: [#include "..." search starts here:]
  ignore line: [#include <...> search starts here:]
  ignore line: [ /Applications/Xcode.app/Contents/Developer/Toolchains/XcodeDefault.xctoolchain/usr/lib/clang/11.0.0/include]
  ignore line: [ /Applications/Xcode.app/Contents/Developer/Toolchains/XcodeDefault.xctoolchain/usr/include]
  ignore line: [ /Applications/Xcode.app/Contents/Developer/Platforms/MacOSX.platform/Developer/SDKs/MacOSX10.15.sdk/usr/include]
  ignore line: [ /Applications/Xcode.app/Contents/Developer/Platforms/MacOSX.platform/Developer/SDKs/MacOSX10.15.sdk/System/Library/Frameworks (framework directory)]
  ignore line: [End of search list.]
  ignore line: [Linking C executable cmTC_47b21]
  ignore line: ["/Users/whowell/Library/Application Support/JetBrains/Toolbox/apps/CLion/ch-0/193.5662.56/CLion.app/Contents/bin/cmake/mac/bin/cmake" -E cmake_link_script CMakeFiles/cmTC_47b21.dir/link.txt --verbose=1]
  ignore line: [/usr/bin/clang   -isysroot /Applications/Xcode.app/Contents/Developer/Platforms/MacOSX.platform/Developer/SDKs/MacOSX10.15.sdk -Wl,-search_paths_first -Wl,-headerpad_max_install_names  -v -Wl,-v CMakeFiles/cmTC_47b21.dir/CMakeCCompilerABI.c.o  -o cmTC_47b21 ]
  ignore line: [Apple clang version 11.0.0 (clang-1100.0.33.16)]
  ignore line: [Target: x86_64-apple-darwin19.0.0]
  ignore line: [Thread model: posix]
  ignore line: [InstalledDir: /Applications/Xcode.app/Contents/Developer/Toolchains/XcodeDefault.xctoolchain/usr/bin]
  link line: [ "/Applications/Xcode.app/Contents/Developer/Toolchains/XcodeDefault.xctoolchain/usr/bin/ld" -demangle -lto_library /Applications/Xcode.app/Contents/Developer/Toolchains/XcodeDefault.xctoolchain/usr/lib/libLTO.dylib -dynamic -arch x86_64 -macosx_version_min 10.15.0 -syslibroot /Applications/Xcode.app/Contents/Developer/Platforms/MacOSX.platform/Developer/SDKs/MacOSX10.15.sdk -o cmTC_47b21 -search_paths_first -headerpad_max_install_names -v CMakeFiles/cmTC_47b21.dir/CMakeCCompilerABI.c.o -lSystem /Applications/Xcode.app/Contents/Developer/Toolchains/XcodeDefault.xctoolchain/usr/lib/clang/11.0.0/lib/darwin/libclang_rt.osx.a]
    arg [/Applications/Xcode.app/Contents/Developer/Toolchains/XcodeDefault.xctoolchain/usr/bin/ld] ==> ignore
    arg [-demangle] ==> ignore
    arg [-lto_library] ==> ignore, skip following value
    arg [/Applications/Xcode.app/Contents/Developer/Toolchains/XcodeDefault.xctoolchain/usr/lib/libLTO.dylib] ==> skip value of -lto_library
    arg [-dynamic] ==> ignore
    arg [-arch] ==> ignore
    arg [x86_64] ==> ignore
    arg [-macosx_version_min] ==> ignore
    arg [10.15.0] ==> ignore
    arg [-syslibroot] ==> ignore
    arg [/Applications/Xcode.app/Contents/Developer/Platforms/MacOSX.platform/Developer/SDKs/MacOSX10.15.sdk] ==> ignore
    arg [-o] ==> ignore
    arg [cmTC_47b21] ==> ignore
    arg [-search_paths_first] ==> ignore
    arg [-headerpad_max_install_names] ==> ignore
    arg [-v] ==> ignore
    arg [CMakeFiles/cmTC_47b21.dir/CMakeCCompilerABI.c.o] ==> ignore
    arg [-lSystem] ==> lib [System]
    arg [/Applications/Xcode.app/Contents/Developer/Toolchains/XcodeDefault.xctoolchain/usr/lib/clang/11.0.0/lib/darwin/libclang_rt.osx.a] ==> lib [/Applications/Xcode.app/Contents/Developer/Toolchains/XcodeDefault.xctoolchain/usr/lib/clang/11.0.0/lib/darwin/libclang_rt.osx.a]
  Library search paths: [;/Applications/Xcode.app/Contents/Developer/Platforms/MacOSX.platform/Developer/SDKs/MacOSX10.15.sdk/usr/lib]
  Framework search paths: [;/Applications/Xcode.app/Contents/Developer/Platforms/MacOSX.platform/Developer/SDKs/MacOSX10.15.sdk/System/Library/Frameworks/]
  remove lib [System]
  remove lib [/Applications/Xcode.app/Contents/Developer/Toolchains/XcodeDefault.xctoolchain/usr/lib/clang/11.0.0/lib/darwin/libclang_rt.osx.a]
  collapse library dir [/Applications/Xcode.app/Contents/Developer/Platforms/MacOSX.platform/Developer/SDKs/MacOSX10.15.sdk/usr/lib] ==> [/Applications/Xcode.app/Contents/Developer/Platforms/MacOSX.platform/Developer/SDKs/MacOSX10.15.sdk/usr/lib]
  collapse framework dir [/Applications/Xcode.app/Contents/Developer/Platforms/MacOSX.platform/Developer/SDKs/MacOSX10.15.sdk/System/Library/Frameworks/] ==> [/Applications/Xcode.app/Contents/Developer/Platforms/MacOSX.platform/Developer/SDKs/MacOSX10.15.sdk/System/Library/Frameworks]
  implicit libs: []
  implicit dirs: [/Applications/Xcode.app/Contents/Developer/Platforms/MacOSX.platform/Developer/SDKs/MacOSX10.15.sdk/usr/lib]
  implicit fwks: [/Applications/Xcode.app/Contents/Developer/Platforms/MacOSX.platform/Developer/SDKs/MacOSX10.15.sdk/System/Library/Frameworks]


Determining if the CXX compiler works passed with the following output:
Change Dir: /Users/whowell/GitHub_Repositories/Oh-God-Make-The-Puns-Stop-2/OhGodMakeThePunsStop_version_2/cmake-build-debug/CMakeFiles/CMakeTmp

Run Build Command(s):/usr/bin/make cmTC_d8067/fast && /Applications/Xcode.app/Contents/Developer/usr/bin/make -f CMakeFiles/cmTC_d8067.dir/build.make CMakeFiles/cmTC_d8067.dir/build
Building CXX object CMakeFiles/cmTC_d8067.dir/testCXXCompiler.cxx.o
/usr/bin/clang++    -isysroot /Applications/Xcode.app/Contents/Developer/Platforms/MacOSX.platform/Developer/SDKs/MacOSX10.15.sdk   -o CMakeFiles/cmTC_d8067.dir/testCXXCompiler.cxx.o -c /Users/whowell/GitHub_Repositories/Oh-God-Make-The-Puns-Stop-2/OhGodMakeThePunsStop_version_2/cmake-build-debug/CMakeFiles/CMakeTmp/testCXXCompiler.cxx
Linking CXX executable cmTC_d8067
"/Users/whowell/Library/Application Support/JetBrains/Toolbox/apps/CLion/ch-0/193.5662.56/CLion.app/Contents/bin/cmake/mac/bin/cmake" -E cmake_link_script CMakeFiles/cmTC_d8067.dir/link.txt --verbose=1
/usr/bin/clang++    -isysroot /Applications/Xcode.app/Contents/Developer/Platforms/MacOSX.platform/Developer/SDKs/MacOSX10.15.sdk -Wl,-search_paths_first -Wl,-headerpad_max_install_names   CMakeFiles/cmTC_d8067.dir/testCXXCompiler.cxx.o  -o cmTC_d8067 



Detecting CXX compiler ABI info compiled with the following output:
Change Dir: /Users/whowell/GitHub_Repositories/Oh-God-Make-The-Puns-Stop-2/OhGodMakeThePunsStop_version_2/cmake-build-debug/CMakeFiles/CMakeTmp

Run Build Command(s):/usr/bin/make cmTC_b842f/fast && /Applications/Xcode.app/Contents/Developer/usr/bin/make -f CMakeFiles/cmTC_b842f.dir/build.make CMakeFiles/cmTC_b842f.dir/build
Building CXX object CMakeFiles/cmTC_b842f.dir/CMakeCXXCompilerABI.cpp.o
/usr/bin/clang++    -isysroot /Applications/Xcode.app/Contents/Developer/Platforms/MacOSX.platform/Developer/SDKs/MacOSX10.15.sdk   -v -Wl,-v -o CMakeFiles/cmTC_b842f.dir/CMakeCXXCompilerABI.cpp.o -c "/Users/whowell/Library/Application Support/JetBrains/Toolbox/apps/CLion/ch-0/193.5662.56/CLion.app/Contents/bin/cmake/mac/share/cmake-3.15/Modules/CMakeCXXCompilerABI.cpp"
Apple clang version 11.0.0 (clang-1100.0.33.16)
Target: x86_64-apple-darwin19.0.0
Thread model: posix
InstalledDir: /Applications/Xcode.app/Contents/Developer/Toolchains/XcodeDefault.xctoolchain/usr/bin
clang: warning: -Wl,-v: 'linker' input unused [-Wunused-command-line-argument]
 "/Applications/Xcode.app/Contents/Developer/Toolchains/XcodeDefault.xctoolchain/usr/bin/clang" -cc1 -triple x86_64-apple-macosx10.15.0 -Wdeprecated-objc-isa-usage -Werror=deprecated-objc-isa-usage -emit-obj -mrelax-all -disable-free -disable-llvm-verifier -discard-value-names -main-file-name CMakeCXXCompilerABI.cpp -mrelocation-model pic -pic-level 2 -mthread-model posix -mdisable-fp-elim -fno-strict-return -masm-verbose -munwind-tables -target-sdk-version=10.15 -target-cpu penryn -dwarf-column-info -debugger-tuning=lldb -ggnu-pubnames -target-linker-version 530 -v -coverage-notes-file /Users/whowell/GitHub_Repositories/Oh-God-Make-The-Puns-Stop-2/OhGodMakeThePunsStop_version_2/cmake-build-debug/CMakeFiles/CMakeTmp/CMakeFiles/cmTC_b842f.dir/CMakeCXXCompilerABI.cpp.gcno -resource-dir /Applications/Xcode.app/Contents/Developer/Toolchains/XcodeDefault.xctoolchain/usr/lib/clang/11.0.0 -isysroot /Applications/Xcode.app/Contents/Developer/Platforms/MacOSX.platform/Developer/SDKs/MacOSX10.15.sdk -stdlib=libc++ -internal-isystem /Applications/Xcode.app/Contents/Developer/Toolchains/XcodeDefault.xctoolchain/usr/bin/../include/c++/v1 -Wno-framework-include-private-from-public -Wno-atimport-in-framework-header -Wno-extra-semi-stmt -Wno-quoted-include-in-framework-header -fdeprecated-macro -fdebug-compilation-dir /Users/whowell/GitHub_Repositories/Oh-God-Make-The-Puns-Stop-2/OhGodMakeThePunsStop_version_2/cmake-build-debug/CMakeFiles/CMakeTmp -ferror-limit 19 -fmessage-length 0 -stack-protector 1 -fstack-check -mdarwin-stkchk-strong-link -fblocks -fencode-extended-block-signature -fregister-global-dtors-with-atexit -fobjc-runtime=macosx-10.15.0 -fcxx-exceptions -fexceptions -fmax-type-align=16 -fdiagnostics-show-option -o CMakeFiles/cmTC_b842f.dir/CMakeCXXCompilerABI.cpp.o -x c++ /Users/whowell/Library/Application Support/JetBrains/Toolbox/apps/CLion/ch-0/193.5662.56/CLion.app/Contents/bin/cmake/mac/share/cmake-3.15/Modules/CMakeCXXCompilerABI.cpp
clang -cc1 version 11.0.0 (clang-1100.0.33.16) default target x86_64-apple-darwin19.0.0
ignoring nonexistent directory "/Applications/Xcode.app/Contents/Developer/Platforms/MacOSX.platform/Developer/SDKs/MacOSX10.15.sdk/usr/include/c++/v1"
ignoring nonexistent directory "/Applications/Xcode.app/Contents/Developer/Platforms/MacOSX.platform/Developer/SDKs/MacOSX10.15.sdk/usr/local/include"
ignoring nonexistent directory "/Applications/Xcode.app/Contents/Developer/Platforms/MacOSX.platform/Developer/SDKs/MacOSX10.15.sdk/Library/Frameworks"
#include "..." search starts here:
#include <...> search starts here:
 /Applications/Xcode.app/Contents/Developer/Toolchains/XcodeDefault.xctoolchain/usr/bin/../include/c++/v1
 /Applications/Xcode.app/Contents/Developer/Toolchains/XcodeDefault.xctoolchain/usr/lib/clang/11.0.0/include
 /Applications/Xcode.app/Contents/Developer/Toolchains/XcodeDefault.xctoolchain/usr/include
 /Applications/Xcode.app/Contents/Developer/Platforms/MacOSX.platform/Developer/SDKs/MacOSX10.15.sdk/usr/include
 /Applications/Xcode.app/Contents/Developer/Platforms/MacOSX.platform/Developer/SDKs/MacOSX10.15.sdk/System/Library/Frameworks (framework directory)
End of search list.
Linking CXX executable cmTC_b842f
"/Users/whowell/Library/Application Support/JetBrains/Toolbox/apps/CLion/ch-0/193.5662.56/CLion.app/Contents/bin/cmake/mac/bin/cmake" -E cmake_link_script CMakeFiles/cmTC_b842f.dir/link.txt --verbose=1
/usr/bin/clang++    -isysroot /Applications/Xcode.app/Contents/Developer/Platforms/MacOSX.platform/Developer/SDKs/MacOSX10.15.sdk -Wl,-search_paths_first -Wl,-headerpad_max_install_names  -v -Wl,-v CMakeFiles/cmTC_b842f.dir/CMakeCXXCompilerABI.cpp.o  -o cmTC_b842f 
Apple clang version 11.0.0 (clang-1100.0.33.16)
Target: x86_64-apple-darwin19.0.0
Thread model: posix
InstalledDir: /Applications/Xcode.app/Contents/Developer/Toolchains/XcodeDefault.xctoolchain/usr/bin
 "/Applications/Xcode.app/Contents/Developer/Toolchains/XcodeDefault.xctoolchain/usr/bin/ld" -demangle -lto_library /Applications/Xcode.app/Contents/Developer/Toolchains/XcodeDefault.xctoolchain/usr/lib/libLTO.dylib -dynamic -arch x86_64 -macosx_version_min 10.15.0 -syslibroot /Applications/Xcode.app/Contents/Developer/Platforms/MacOSX.platform/Developer/SDKs/MacOSX10.15.sdk -o cmTC_b842f -search_paths_first -headerpad_max_install_names -v CMakeFiles/cmTC_b842f.dir/CMakeCXXCompilerABI.cpp.o -lc++ -lSystem /Applications/Xcode.app/Contents/Developer/Toolchains/XcodeDefault.xctoolchain/usr/lib/clang/11.0.0/lib/darwin/libclang_rt.osx.a
@(#)PROGRAM:ld  PROJECT:ld64-530
BUILD 03:01:58 Nov 15 2019
configured to support archs: armv6 armv7 armv7s arm64 arm64e arm64_32 i386 x86_64 x86_64h armv6m armv7k armv7m armv7em
Library search paths:
	/Applications/Xcode.app/Contents/Developer/Platforms/MacOSX.platform/Developer/SDKs/MacOSX10.15.sdk/usr/lib
Framework search paths:
	/Applications/Xcode.app/Contents/Developer/Platforms/MacOSX.platform/Developer/SDKs/MacOSX10.15.sdk/System/Library/Frameworks/



Parsed CXX implicit include dir info from above output: rv=done
  found start of include info
  found start of implicit include info
    add: [/Applications/Xcode.app/Contents/Developer/Toolchains/XcodeDefault.xctoolchain/usr/bin/../include/c++/v1]
    add: [/Applications/Xcode.app/Contents/Developer/Toolchains/XcodeDefault.xctoolchain/usr/lib/clang/11.0.0/include]
    add: [/Applications/Xcode.app/Contents/Developer/Toolchains/XcodeDefault.xctoolchain/usr/include]
    add: [/Applications/Xcode.app/Contents/Developer/Platforms/MacOSX.platform/Developer/SDKs/MacOSX10.15.sdk/usr/include]
  end of search list found
  collapse include dir [/Applications/Xcode.app/Contents/Developer/Toolchains/XcodeDefault.xctoolchain/usr/bin/../include/c++/v1] ==> [/Applications/Xcode.app/Contents/Developer/Toolchains/XcodeDefault.xctoolchain/usr/include/c++/v1]
  collapse include dir [/Applications/Xcode.app/Contents/Developer/Toolchains/XcodeDefault.xctoolchain/usr/lib/clang/11.0.0/include] ==> [/Applications/Xcode.app/Contents/Developer/Toolchains/XcodeDefault.xctoolchain/usr/lib/clang/11.0.0/include]
  collapse include dir [/Applications/Xcode.app/Contents/Developer/Toolchains/XcodeDefault.xctoolchain/usr/include] ==> [/Applications/Xcode.app/Contents/Developer/Toolchains/XcodeDefault.xctoolchain/usr/include]
  collapse include dir [/Applications/Xcode.app/Contents/Developer/Platforms/MacOSX.platform/Developer/SDKs/MacOSX10.15.sdk/usr/include] ==> [/Applications/Xcode.app/Contents/Developer/Platforms/MacOSX.platform/Developer/SDKs/MacOSX10.15.sdk/usr/include]
  implicit include dirs: [/Applications/Xcode.app/Contents/Developer/Toolchains/XcodeDefault.xctoolchain/usr/include/c++/v1;/Applications/Xcode.app/Contents/Developer/Toolchains/XcodeDefault.xctoolchain/usr/lib/clang/11.0.0/include;/Applications/Xcode.app/Contents/Developer/Toolchains/XcodeDefault.xctoolchain/usr/include;/Applications/Xcode.app/Contents/Developer/Platforms/MacOSX.platform/Developer/SDKs/MacOSX10.15.sdk/usr/include]


Parsed CXX implicit link information from above output:
  link line regex: [^( *|.*[/\])(ld|CMAKE_LINK_STARTFILE-NOTFOUND|([^/\]+-)?ld|collect2)[^/\]*( |$)]
  ignore line: [Change Dir: /Users/whowell/GitHub_Repositories/Oh-God-Make-The-Puns-Stop-2/OhGodMakeThePunsStop_version_2/cmake-build-debug/CMakeFiles/CMakeTmp]
  ignore line: []
  ignore line: [Run Build Command(s):/usr/bin/make cmTC_b842f/fast && /Applications/Xcode.app/Contents/Developer/usr/bin/make -f CMakeFiles/cmTC_b842f.dir/build.make CMakeFiles/cmTC_b842f.dir/build]
  ignore line: [Building CXX object CMakeFiles/cmTC_b842f.dir/CMakeCXXCompilerABI.cpp.o]
  ignore line: [/usr/bin/clang++    -isysroot /Applications/Xcode.app/Contents/Developer/Platforms/MacOSX.platform/Developer/SDKs/MacOSX10.15.sdk   -v -Wl,-v -o CMakeFiles/cmTC_b842f.dir/CMakeCXXCompilerABI.cpp.o -c "/Users/whowell/Library/Application Support/JetBrains/Toolbox/apps/CLion/ch-0/193.5662.56/CLion.app/Contents/bin/cmake/mac/share/cmake-3.15/Modules/CMakeCXXCompilerABI.cpp"]
  ignore line: [Apple clang version 11.0.0 (clang-1100.0.33.16)]
  ignore line: [Target: x86_64-apple-darwin19.0.0]
  ignore line: [Thread model: posix]
  ignore line: [InstalledDir: /Applications/Xcode.app/Contents/Developer/Toolchains/XcodeDefault.xctoolchain/usr/bin]
  ignore line: [clang: warning: -Wl,-v: 'linker' input unused [-Wunused-command-line-argument]]
  ignore line: [ "/Applications/Xcode.app/Contents/Developer/Toolchains/XcodeDefault.xctoolchain/usr/bin/clang" -cc1 -triple x86_64-apple-macosx10.15.0 -Wdeprecated-objc-isa-usage -Werror=deprecated-objc-isa-usage -emit-obj -mrelax-all -disable-free -disable-llvm-verifier -discard-value-names -main-file-name CMakeCXXCompilerABI.cpp -mrelocation-model pic -pic-level 2 -mthread-model posix -mdisable-fp-elim -fno-strict-return -masm-verbose -munwind-tables -target-sdk-version=10.15 -target-cpu penryn -dwarf-column-info -debugger-tuning=lldb -ggnu-pubnames -target-linker-version 530 -v -coverage-notes-file /Users/whowell/GitHub_Repositories/Oh-God-Make-The-Puns-Stop-2/OhGodMakeThePunsStop_version_2/cmake-build-debug/CMakeFiles/CMakeTmp/CMakeFiles/cmTC_b842f.dir/CMakeCXXCompilerABI.cpp.gcno -resource-dir /Applications/Xcode.app/Contents/Developer/Toolchains/XcodeDefault.xctoolchain/usr/lib/clang/11.0.0 -isysroot /Applications/Xcode.app/Contents/Developer/Platforms/MacOSX.platform/Developer/SDKs/MacOSX10.15.sdk -stdlib=libc++ -internal-isystem /Applications/Xcode.app/Contents/Developer/Toolchains/XcodeDefault.xctoolchain/usr/bin/../include/c++/v1 -Wno-framework-include-private-from-public -Wno-atimport-in-framework-header -Wno-extra-semi-stmt -Wno-quoted-include-in-framework-header -fdeprecated-macro -fdebug-compilation-dir /Users/whowell/GitHub_Repositories/Oh-God-Make-The-Puns-Stop-2/OhGodMakeThePunsStop_version_2/cmake-build-debug/CMakeFiles/CMakeTmp -ferror-limit 19 -fmessage-length 0 -stack-protector 1 -fstack-check -mdarwin-stkchk-strong-link -fblocks -fencode-extended-block-signature -fregister-global-dtors-with-atexit -fobjc-runtime=macosx-10.15.0 -fcxx-exceptions -fexceptions -fmax-type-align=16 -fdiagnostics-show-option -o CMakeFiles/cmTC_b842f.dir/CMakeCXXCompilerABI.cpp.o -x c++ /Users/whowell/Library/Application Support/JetBrains/Toolbox/apps/CLion/ch-0/193.5662.56/CLion.app/Contents/bin/cmake/mac/share/cmake-3.15/Modules/CMakeCXXCompilerABI.cpp]
  ignore line: [clang -cc1 version 11.0.0 (clang-1100.0.33.16) default target x86_64-apple-darwin19.0.0]
  ignore line: [ignoring nonexistent directory "/Applications/Xcode.app/Contents/Developer/Platforms/MacOSX.platform/Developer/SDKs/MacOSX10.15.sdk/usr/include/c++/v1"]
  ignore line: [ignoring nonexistent directory "/Applications/Xcode.app/Contents/Developer/Platforms/MacOSX.platform/Developer/SDKs/MacOSX10.15.sdk/usr/local/include"]
  ignore line: [ignoring nonexistent directory "/Applications/Xcode.app/Contents/Developer/Platforms/MacOSX.platform/Developer/SDKs/MacOSX10.15.sdk/Library/Frameworks"]
  ignore line: [#include "..." search starts here:]
  ignore line: [#include <...> search starts here:]
  ignore line: [ /Applications/Xcode.app/Contents/Developer/Toolchains/XcodeDefault.xctoolchain/usr/bin/../include/c++/v1]
  ignore line: [ /Applications/Xcode.app/Contents/Developer/Toolchains/XcodeDefault.xctoolchain/usr/lib/clang/11.0.0/include]
  ignore line: [ /Applications/Xcode.app/Contents/Developer/Toolchains/XcodeDefault.xctoolchain/usr/include]
  ignore line: [ /Applications/Xcode.app/Contents/Developer/Platforms/MacOSX.platform/Developer/SDKs/MacOSX10.15.sdk/usr/include]
  ignore line: [ /Applications/Xcode.app/Contents/Developer/Platforms/MacOSX.platform/Developer/SDKs/MacOSX10.15.sdk/System/Library/Frameworks (framework directory)]
  ignore line: [End of search list.]
  ignore line: [Linking CXX executable cmTC_b842f]
  ignore line: ["/Users/whowell/Library/Application Support/JetBrains/Toolbox/apps/CLion/ch-0/193.5662.56/CLion.app/Contents/bin/cmake/mac/bin/cmake" -E cmake_link_script CMakeFiles/cmTC_b842f.dir/link.txt --verbose=1]
  ignore line: [/usr/bin/clang++    -isysroot /Applications/Xcode.app/Contents/Developer/Platforms/MacOSX.platform/Developer/SDKs/MacOSX10.15.sdk -Wl,-search_paths_first -Wl,-headerpad_max_install_names  -v -Wl,-v CMakeFiles/cmTC_b842f.dir/CMakeCXXCompilerABI.cpp.o  -o cmTC_b842f ]
  ignore line: [Apple clang version 11.0.0 (clang-1100.0.33.16)]
  ignore line: [Target: x86_64-apple-darwin19.0.0]
  ignore line: [Thread model: posix]
  ignore line: [InstalledDir: /Applications/Xcode.app/Contents/Developer/Toolchains/XcodeDefault.xctoolchain/usr/bin]
  link line: [ "/Applications/Xcode.app/Contents/Developer/Toolchains/XcodeDefault.xctoolchain/usr/bin/ld" -demangle -lto_library /Applications/Xcode.app/Contents/Developer/Toolchains/XcodeDefault.xctoolchain/usr/lib/libLTO.dylib -dynamic -arch x86_64 -macosx_version_min 10.15.0 -syslibroot /Applications/Xcode.app/Contents/Developer/Platforms/MacOSX.platform/Developer/SDKs/MacOSX10.15.sdk -o cmTC_b842f -search_paths_first -headerpad_max_install_names -v CMakeFiles/cmTC_b842f.dir/CMakeCXXCompilerABI.cpp.o -lc++ -lSystem /Applications/Xcode.app/Contents/Developer/Toolchains/XcodeDefault.xctoolchain/usr/lib/clang/11.0.0/lib/darwin/libclang_rt.osx.a]
    arg [/Applications/Xcode.app/Contents/Developer/Toolchains/XcodeDefault.xctoolchain/usr/bin/ld] ==> ignore
    arg [-demangle] ==> ignore
    arg [-lto_library] ==> ignore, skip following value
    arg [/Applications/Xcode.app/Contents/Developer/Toolchains/XcodeDefault.xctoolchain/usr/lib/libLTO.dylib] ==> skip value of -lto_library
    arg [-dynamic] ==> ignore
    arg [-arch] ==> ignore
    arg [x86_64] ==> ignore
    arg [-macosx_version_min] ==> ignore
    arg [10.15.0] ==> ignore
    arg [-syslibroot] ==> ignore
    arg [/Applications/Xcode.app/Contents/Developer/Platforms/MacOSX.platform/Developer/SDKs/MacOSX10.15.sdk] ==> ignore
    arg [-o] ==> ignore
    arg [cmTC_b842f] ==> ignore
    arg [-search_paths_first] ==> ignore
    arg [-headerpad_max_install_names] ==> ignore
    arg [-v] ==> ignore
    arg [CMakeFiles/cmTC_b842f.dir/CMakeCXXCompilerABI.cpp.o] ==> ignore
    arg [-lc++] ==> lib [c++]
    arg [-lSystem] ==> lib [System]
    arg [/Applications/Xcode.app/Contents/Developer/Toolchains/XcodeDefault.xctoolchain/usr/lib/clang/11.0.0/lib/darwin/libclang_rt.osx.a] ==> lib [/Applications/Xcode.app/Contents/Developer/Toolchains/XcodeDefault.xctoolchain/usr/lib/clang/11.0.0/lib/darwin/libclang_rt.osx.a]
  Library search paths: [;/Applications/Xcode.app/Contents/Developer/Platforms/MacOSX.platform/Developer/SDKs/MacOSX10.15.sdk/usr/lib]
  Framework search paths: [;/Applications/Xcode.app/Contents/Developer/Platforms/MacOSX.platform/Developer/SDKs/MacOSX10.15.sdk/System/Library/Frameworks/]
  remove lib [System]
  remove lib [/Applications/Xcode.app/Contents/Developer/Toolchains/XcodeDefault.xctoolchain/usr/lib/clang/11.0.0/lib/darwin/libclang_rt.osx.a]
  collapse library dir [/Applications/Xcode.app/Contents/Developer/Platforms/MacOSX.platform/Developer/SDKs/MacOSX10.15.sdk/usr/lib] ==> [/Applications/Xcode.app/Contents/Developer/Platforms/MacOSX.platform/Developer/SDKs/MacOSX10.15.sdk/usr/lib]
  collapse framework dir [/Applications/Xcode.app/Contents/Developer/Platforms/MacOSX.platform/Developer/SDKs/MacOSX10.15.sdk/System/Library/Frameworks/] ==> [/Applications/Xcode.app/Contents/Developer/Platforms/MacOSX.platform/Developer/SDKs/MacOSX10.15.sdk/System/Library/Frameworks]
  implicit libs: [c++]
  implicit dirs: [/Applications/Xcode.app/Contents/Developer/Platforms/MacOSX.platform/Developer/SDKs/MacOSX10.15.sdk/usr/lib]
  implicit fwks: [/Applications/Xcode.app/Contents/Developer/Platforms/MacOSX.platform/Developer/SDKs/MacOSX10.15.sdk/System/Library/Frameworks]


Determining if the include file pthread.h exists passed with the following output:
Change Dir: /Users/whowell/GitHub_Repositories/Oh-God-Make-The-Puns-Stop-2/OhGodMakeThePunsStop_version_2/cmake-build-debug/CMakeFiles/CMakeTmp

Run Build Command(s):/usr/bin/make cmTC_a1b95/fast && /Applications/Xcode.app/Contents/Developer/usr/bin/make -f CMakeFiles/cmTC_a1b95.dir/build.make CMakeFiles/cmTC_a1b95.dir/build
Building C object CMakeFiles/cmTC_a1b95.dir/CheckIncludeFile.c.o
/usr/bin/clang   -isysroot /Applications/Xcode.app/Contents/Developer/Platforms/MacOSX.platform/Developer/SDKs/MacOSX10.15.sdk   -o CMakeFiles/cmTC_a1b95.dir/CheckIncludeFile.c.o   -c /Users/whowell/GitHub_Repositories/Oh-God-Make-The-Puns-Stop-2/OhGodMakeThePunsStop_version_2/cmake-build-debug/CMakeFiles/CMakeTmp/CheckIncludeFile.c
Linking C executable cmTC_a1b95
"/Users/whowell/Library/Application Support/JetBrains/Toolbox/apps/CLion/ch-0/193.5662.56/CLion.app/Contents/bin/cmake/mac/bin/cmake" -E cmake_link_script CMakeFiles/cmTC_a1b95.dir/link.txt --verbose=1
/usr/bin/clang   -isysroot /Applications/Xcode.app/Contents/Developer/Platforms/MacOSX.platform/Developer/SDKs/MacOSX10.15.sdk -Wl,-search_paths_first -Wl,-headerpad_max_install_names   CMakeFiles/cmTC_a1b95.dir/CheckIncludeFile.c.o  -o cmTC_a1b95 



Performing C SOURCE FILE Test CMAKE_HAVE_LIBC_PTHREAD succeeded with the following output:
Change Dir: /Users/whowell/GitHub_Repositories/Oh-God-Make-The-Puns-Stop-2/OhGodMakeThePunsStop_version_2/cmake-build-debug/CMakeFiles/CMakeTmp

Run Build Command(s):/usr/bin/make cmTC_ce2a0/fast && /Applications/Xcode.app/Contents/Developer/usr/bin/make -f CMakeFiles/cmTC_ce2a0.dir/build.make CMakeFiles/cmTC_ce2a0.dir/build
Building C object CMakeFiles/cmTC_ce2a0.dir/src.c.o
/usr/bin/clang   -DCMAKE_HAVE_LIBC_PTHREAD -isysroot /Applications/Xcode.app/Contents/Developer/Platforms/MacOSX.platform/Developer/SDKs/MacOSX10.15.sdk   -o CMakeFiles/cmTC_ce2a0.dir/src.c.o   -c /Users/whowell/GitHub_Repositories/Oh-God-Make-The-Puns-Stop-2/OhGodMakeThePunsStop_version_2/cmake-build-debug/CMakeFiles/CMakeTmp/src.c
Linking C executable cmTC_ce2a0
"/Users/whowell/Library/Application Support/JetBrains/Toolbox/apps/CLion/ch-0/193.5662.56/CLion.app/Contents/bin/cmake/mac/bin/cmake" -E cmake_link_script CMakeFiles/cmTC_ce2a0.dir/link.txt --verbose=1
/usr/bin/clang  -DCMAKE_HAVE_LIBC_PTHREAD -isysroot /Applications/Xcode.app/Contents/Developer/Platforms/MacOSX.platform/Developer/SDKs/MacOSX10.15.sdk -Wl,-search_paths_first -Wl,-headerpad_max_install_names   CMakeFiles/cmTC_ce2a0.dir/src.c.o  -o cmTC_ce2a0 


Source file was:
#include <pthread.h>

void* test_func(void* data)
{
  return data;
}

int main(void)
{
  pthread_t thread;
  pthread_create(&thread, NULL, test_func, NULL);
  pthread_detach(thread);
  pthread_join(thread, NULL);
  pthread_atfork(NULL, NULL, NULL);
  pthread_exit(NULL);

  return 0;
}

